13:28:33.377 INFO  [background-preinit]org.hibernate.validator.internal.util.Version - HV000001: Hibernate Validator 8.0.3.Final
13:28:33.426 INFO  [main]com.example.p01.P01Application - Starting P01Application using Java 21.0.7 with PID 1924 (D:\java\java_project\p01\bin\main started by ernie in D:\java\java_project\p01)
13:28:33.427 INFO  [main]com.example.p01.P01Application - No active profile set, falling back to 1 default profile: "default"
13:28:35.408 INFO  [main]o.s.d.r.config.RepositoryConfigurationDelegate - Bootstrapping Spring Data JPA repositories in DEFAULT mode.
13:28:35.550 INFO  [main]o.s.d.r.config.RepositoryConfigurationDelegate - Finished Spring Data repository scanning in 133 ms. Found 9 JPA repository interfaces.
13:28:36.111 INFO  [main]o.s.boot.web.embedded.tomcat.TomcatWebServer - Tomcat initialized with port 8080 (http)
13:28:36.127 INFO  [main]org.apache.coyote.http11.Http11NioProtocol - Initializing ProtocolHandler ["http-nio-8080"]
13:28:36.130 INFO  [main]org.apache.catalina.core.StandardService - Starting service [Tomcat]
13:28:36.130 INFO  [main]org.apache.catalina.core.StandardEngine - Starting Servlet engine: [Apache Tomcat/10.1.44]
13:28:36.246 INFO  [main]o.a.c.core.ContainerBase.[Tomcat].[localhost].[/] - Initializing Spring embedded WebApplicationContext
13:28:36.246 INFO  [main]o.s.b.w.s.c.ServletWebServerApplicationContext - Root WebApplicationContext: initialization completed in 2778 ms
13:28:36.418 INFO  [main]org.hibernate.jpa.internal.util.LogHelper - HHH000204: Processing PersistenceUnitInfo [name: default]
13:28:36.469 INFO  [main]org.hibernate.Version - HHH000412: Hibernate ORM core version 6.6.26.Final
13:28:36.504 INFO  [main]o.hibernate.cache.internal.RegionFactoryInitiator - HHH000026: Second-level cache disabled
13:28:36.729 INFO  [main]o.s.o.j.persistenceunit.SpringPersistenceUnitInfo - No LoadTimeWeaver setup: ignoring JPA class transformer
13:28:36.754 INFO  [main]com.zaxxer.hikari.HikariDataSource - HikariPool-1 - Starting...
13:28:36.891 INFO  [main]com.zaxxer.hikari.pool.HikariPool - HikariPool-1 - Added connection com.mysql.cj.jdbc.ConnectionImpl@60b553f
13:28:36.893 INFO  [main]com.zaxxer.hikari.HikariDataSource - HikariPool-1 - Start completed.
13:28:36.935 WARN  [main]org.hibernate.orm.deprecation - HHH90000025: MySQL8Dialect does not need to be specified explicitly using 'hibernate.dialect' (remove the property setting and it will be selected by default)
13:28:36.936 WARN  [main]org.hibernate.orm.deprecation - HHH90000026: MySQL8Dialect has been deprecated; use org.hibernate.dialect.MySQLDialect instead
13:28:36.949 INFO  [main]org.hibernate.orm.connections.pooling - HHH10001005: Database info:
	Database JDBC URL [Connecting through datasource 'HikariDataSource (HikariPool-1)']
	Database driver: undefined/unknown
	Database version: 8.0
	Autocommit mode: undefined/unknown
	Isolation level: undefined/unknown
	Minimum pool size: undefined/unknown
	Maximum pool size: undefined/unknown
13:28:37.196 WARN  [main]org.hibernate.mapping.RootClass - HHH000038: Composite-id class does not override equals(): com.example.p01.entity.ClockDateId
13:28:37.196 WARN  [main]org.hibernate.mapping.RootClass - HHH000039: Composite-id class does not override hashCode(): com.example.p01.entity.ClockDateId
13:28:37.196 WARN  [main]org.hibernate.mapping.RootClass - HHH000038: Composite-id class does not override equals(): com.example.p01.entity.SalaryId
13:28:37.196 WARN  [main]org.hibernate.mapping.RootClass - HHH000039: Composite-id class does not override hashCode(): com.example.p01.entity.SalaryId
13:28:37.196 WARN  [main]org.hibernate.mapping.RootClass - HHH000038: Composite-id class does not override equals(): com.example.p01.entity.PreScheduleId
13:28:37.196 WARN  [main]org.hibernate.mapping.RootClass - HHH000039: Composite-id class does not override hashCode(): com.example.p01.entity.PreScheduleId
13:28:37.196 WARN  [main]org.hibernate.mapping.RootClass - HHH000038: Composite-id class does not override equals(): com.example.p01.entity.ShiftWorkId
13:28:37.196 WARN  [main]org.hibernate.mapping.RootClass - HHH000039: Composite-id class does not override hashCode(): com.example.p01.entity.ShiftWorkId
13:28:37.664 INFO  [main]o.h.e.t.jta.platform.internal.JtaPlatformInitiator - HHH000489: No JTA platform available (set 'hibernate.transaction.jta.platform' to enable JTA platform integration)
13:28:37.711 INFO  [main]o.s.orm.jpa.LocalContainerEntityManagerFactoryBean - Initialized JPA EntityManagerFactory for persistence unit 'default'
13:28:37.958 INFO  [main]o.s.data.jpa.repository.query.QueryEnhancerFactory - Hibernate is in classpath; If applicable, HQL parser will be used.
13:28:39.376 INFO  [main]com.example.p01.service.impl.NewTableServiceImpl - AI API key loaded, length=51
13:28:39.868 WARN  [main]o.s.b.a.o.j.JpaBaseConfiguration$JpaWebConfiguration - spring.jpa.open-in-view is enabled by default. Therefore, database queries may be performed during view rendering. Explicitly configure spring.jpa.open-in-view to disable this warning
13:28:39.900 WARN  [main]o.s.b.a.s.s.UserDetailsServiceAutoConfiguration - 

Using generated security password: 26e793dd-79c3-4554-9ca0-bf87b2eeccee

This generated password is for development use only. Your security configuration must be updated before running your application in production.

13:28:39.908 INFO  [main]o.s.s.c.a.a.c.InitializeUserDetailsBeanManagerConfigurer$InitializeUserDetailsManagerConfigurer - Global AuthenticationManager configured with UserDetailsService bean with name inMemoryUserDetailsManager
13:28:40.213 INFO  [main]c.b.m.e.spring.MybatisPlusApplicationContextAware - Register ApplicationContext instances org.springframework.boot.web.servlet.context.AnnotationConfigServletWebServerApplicationContext@4cf8b2dc
13:28:40.435 INFO  [main]org.apache.coyote.http11.Http11NioProtocol - Starting ProtocolHandler ["http-nio-8080"]
13:28:40.447 INFO  [main]o.s.boot.web.embedded.tomcat.TomcatWebServer - Tomcat started on port 8080 (http) with context path '/'
13:28:40.461 INFO  [main]com.example.p01.P01Application - Started P01Application in 7.503 seconds (process running for 7.932)
13:28:56.455 INFO  [http-nio-8080-exec-1]o.a.c.core.ContainerBase.[Tomcat].[localhost].[/] - Initializing Spring DispatcherServlet 'dispatcherServlet'
13:28:56.455 INFO  [http-nio-8080-exec-1]org.springframework.web.servlet.DispatcherServlet - Initializing Servlet 'dispatcherServlet'
13:28:56.456 INFO  [http-nio-8080-exec-1]org.springframework.web.servlet.DispatcherServlet - Completed initialization in 1 ms
19:29:02.609 WARN  [HikariPool-1:housekeeper]com.zaxxer.hikari.pool.HikariPool - HikariPool-1 - Thread starvation or clock leap detected (housekeeper delta=45m50s500ms237µs500ns).
19:31:50.342 WARN  [HikariPool-1:housekeeper]com.zaxxer.hikari.pool.HikariPool - HikariPool-1 - Thread starvation or clock leap detected (housekeeper delta=2m47s735ms315µs200ns).
19:33:44.104 INFO  [background-preinit]org.hibernate.validator.internal.util.Version - HV000001: Hibernate Validator 8.0.3.Final
19:33:44.171 INFO  [main]com.example.p01.P01Application - Starting P01Application using Java 21.0.7 with PID 34800 (D:\java\java_project\p01\bin\main started by ernie in D:\java\java_project\p01)
19:33:44.172 INFO  [main]com.example.p01.P01Application - No active profile set, falling back to 1 default profile: "default"
19:33:47.450 INFO  [main]o.s.d.r.config.RepositoryConfigurationDelegate - Bootstrapping Spring Data JPA repositories in DEFAULT mode.
19:33:47.627 INFO  [main]o.s.d.r.config.RepositoryConfigurationDelegate - Finished Spring Data repository scanning in 165 ms. Found 9 JPA repository interfaces.
